[2026-06-09 13:47:42] [INFO] WinAuto Standalone Session Started
[2026-06-09 13:47:42] [INFO] Starting CLI Mode (Module: Config)
[2026-06-09 13:47:44] [ERROR] CRITICAL UNHANDLED ERROR: The variable '$Global:DashboardBufferMode' cannot be retrieved because it has not been set.
at Add-DashLine, C:\Users\admin\src\github.com\KeithOwns\wa\wa.ps1: line 546
at Write-Centered, C:\Users\admin\src\github.com\KeithOwns\wa\wa.ps1: line 563
at Write-Header, C:\Users\admin\src\github.com\KeithOwns\wa\wa.ps1: line 694
at Invoke-WinAutoConfiguration, C:\Users\admin\src\github.com\KeithOwns\wa\wa.ps1: line 1208
at <ScriptBlock>, C:\Users\admin\src\github.com\KeithOwns\wa\wa.ps1: line 2376
[2026-06-09 13:51:29] [INFO] WinAuto Standalone Session Started
[2026-06-11 18:43:17] [INFO] WinAuto Standalone Session Started
[2026-06-11 18:47:22] [INFO] WinAuto Standalone Session Started
[2026-06-11 18:59:20] [INFO] WinAuto Standalone Session Started
[2026-06-11 18:59:23] [ERROR] CRITICAL UNHANDLED ERROR: The property '(default)' cannot be found on this object. Verify that the property exists.
at <ScriptBlock>, C:\Users\admin\src\github.com\KeithOwns\wa\wa.ps1: line 2427
at <ScriptBlock>, <No file>: line 1
[2026-06-11 19:01:45] [INFO] WinAuto Standalone Session Started
[2026-06-11 19:01:46] [ERROR] CRITICAL UNHANDLED ERROR: The property '(default)' cannot be found on this object. Verify that the property exists.
at <ScriptBlock>, C:\Users\admin\src\github.com\KeithOwns\wa\wa.ps1: line 2427
at <ScriptBlock>, <No file>: line 1
[2026-06-11 19:07:59] [INFO] WinAuto Standalone Session Started
[2026-06-11 19:08:17] [Cyan] Starting Windows Security Automation (Kernel-mode Stack Protection)...
[2026-06-11 19:08:17] [Gray] Launching Windows Security (Iteration 1)...
[2026-06-11 19:08:21] [Green] Found 'Windows Security' window.
[2026-06-11 19:08:21] [Gray] Navigating to 'Device security'...
[2026-06-11 19:08:24] [Gray] Navigating to 'Core isolation details'...
[2026-06-11 19:08:26] [Gray] Looking for 'Kernel-mode Hardware-enforced Stack Protection' toggle...
[2026-06-11 19:08:26] [Cyan] Found Target Element (ControlType.Button). Checking state...
[2026-06-11 19:08:26] [Green] Feature is already ON.
[2026-06-11 19:08:26] [Cyan] Automation complete.
